2025-08-223 09:25 o.h.validator.internal.util.Version-HV000001: Hibernate Validator 8.0.2.Final
2025-08-223 09:25 c.b.o.OrdersystemApplication-Starting OrdersystemApplication using Java 17.0.15 with PID 17835 (/Users/eunsung/Documents/Hanwah_Beyond_16/Spring/ordersystem/build/classes/java/main started by eunsung in /Users/eunsung/Documents/Hanwah_Beyond_16/Spring/ordersystem)
2025-08-223 09:25 c.b.o.OrdersystemApplication-The following 1 profile is active: "prod"
2025-08-223 09:25 o.s.d.r.c.RepositoryConfigurationDelegate-Multiple Spring Data modules found, entering strict repository configuration mode
2025-08-223 09:25 o.s.d.r.c.RepositoryConfigurationDelegate-Bootstrapping Spring Data JPA repositories in DEFAULT mode.
2025-08-223 09:25 o.s.d.r.c.RepositoryConfigurationDelegate-Finished Spring Data repository scanning in 67 ms. Found 4 JPA repository interfaces.
2025-08-223 09:25 o.s.d.r.c.RepositoryConfigurationDelegate-Multiple Spring Data modules found, entering strict repository configuration mode
2025-08-223 09:25 o.s.d.r.c.RepositoryConfigurationDelegate-Bootstrapping Spring Data Redis repositories in DEFAULT mode.
2025-08-223 09:25 o.s.d.r.c.RepositoryConfigurationExtensionSupport-Spring Data Redis - Could not safely identify store assignment for repository candidate interface com.beyond.ordersystem.member.repository.MemberRepository; If you want this repository to be a Redis repository, consider annotating your entities with one of these annotations: org.springframework.data.redis.core.RedisHash (preferred), or consider extending one of the following types with your repository: org.springframework.data.keyvalue.repository.KeyValueRepository
2025-08-223 09:25 o.s.d.r.c.RepositoryConfigurationExtensionSupport-Spring Data Redis - Could not safely identify store assignment for repository candidate interface com.beyond.ordersystem.ordering.repository.OrderingDetailRepository; If you want this repository to be a Redis repository, consider annotating your entities with one of these annotations: org.springframework.data.redis.core.RedisHash (preferred), or consider extending one of the following types with your repository: org.springframework.data.keyvalue.repository.KeyValueRepository
2025-08-223 09:25 o.s.d.r.c.RepositoryConfigurationExtensionSupport-Spring Data Redis - Could not safely identify store assignment for repository candidate interface com.beyond.ordersystem.ordering.repository.OrderingRepository; If you want this repository to be a Redis repository, consider annotating your entities with one of these annotations: org.springframework.data.redis.core.RedisHash (preferred), or consider extending one of the following types with your repository: org.springframework.data.keyvalue.repository.KeyValueRepository
2025-08-223 09:25 o.s.d.r.c.RepositoryConfigurationExtensionSupport-Spring Data Redis - Could not safely identify store assignment for repository candidate interface com.beyond.ordersystem.product.repository.ProductRepository; If you want this repository to be a Redis repository, consider annotating your entities with one of these annotations: org.springframework.data.redis.core.RedisHash (preferred), or consider extending one of the following types with your repository: org.springframework.data.keyvalue.repository.KeyValueRepository
2025-08-223 09:25 o.s.d.r.c.RepositoryConfigurationDelegate-Finished Spring Data repository scanning in 3 ms. Found 0 Redis repository interfaces.
2025-08-223 09:25 o.s.b.w.e.tomcat.TomcatWebServer-Tomcat initialized with port 8080 (http)
2025-08-223 09:25 o.a.coyote.http11.Http11NioProtocol-Initializing ProtocolHandler ["http-nio-8080"]
2025-08-223 09:25 o.a.catalina.core.StandardService-Starting service [Tomcat]
2025-08-223 09:25 o.a.catalina.core.StandardEngine-Starting Servlet engine: [Apache Tomcat/10.1.43]
2025-08-223 09:25 o.a.c.c.C.[Tomcat].[localhost].[/]-Initializing Spring embedded WebApplicationContext
2025-08-223 09:25 o.s.b.w.s.c.ServletWebServerApplicationContext-Root WebApplicationContext: initialization completed in 752 ms
2025-08-223 09:25 o.h.jpa.internal.util.LogHelper-HHH000204: Processing PersistenceUnitInfo [name: default]
2025-08-223 09:25 org.hibernate.Version-HHH000412: Hibernate ORM core version 6.6.22.Final
2025-08-223 09:25 o.h.c.i.RegionFactoryInitiator-HHH000026: Second-level cache disabled
2025-08-223 09:25 o.s.o.j.p.SpringPersistenceUnitInfo-No LoadTimeWeaver setup: ignoring JPA class transformer
2025-08-223 09:25 com.zaxxer.hikari.HikariDataSource-HikariPool-1 - Starting...
2025-08-223 09:25 com.zaxxer.hikari.pool.HikariPool-HikariPool-1 - Added connection org.mariadb.jdbc.Connection@312819ae
2025-08-223 09:25 com.zaxxer.hikari.HikariDataSource-HikariPool-1 - Start completed.
2025-08-223 09:25 org.hibernate.orm.deprecation-HHH90000025: MariaDBDialect does not need to be specified explicitly using 'hibernate.dialect' (remove the property setting and it will be selected by default)
2025-08-223 09:25 o.hibernate.orm.connections.pooling-HHH10001005: Database info:
	Database JDBC URL [Connecting through datasource 'HikariDataSource (HikariPool-1)']
	Database driver: undefined/unknown
	Database version: 11.8.2
	Autocommit mode: undefined/unknown
	Isolation level: undefined/unknown
	Minimum pool size: undefined/unknown
	Maximum pool size: undefined/unknown
2025-08-223 09:25 o.h.e.t.j.p.i.JtaPlatformInitiator-HHH000489: No JTA platform available (set 'hibernate.transaction.jta.platform' to enable JTA platform integration)
2025-08-223 09:25 o.s.o.j.LocalContainerEntityManagerFactoryBean-Initialized JPA EntityManagerFactory for persistence unit 'default'
2025-08-223 09:25 o.s.b.a.o.j.JpaBaseConfiguration$JpaWebConfiguration-spring.jpa.open-in-view is enabled by default. Therefore, database queries may be performed during view rendering. Explicitly configure spring.jpa.open-in-view to disable this warning
2025-08-223 09:25 o.s.b.a.s.s.UserDetailsServiceAutoConfiguration-

Using generated security password: a8743984-c0f9-4797-8d9b-6e2083450e0b

This generated password is for development use only. Your security configuration must be updated before running your application in production.

2025-08-223 09:25 o.s.s.c.a.a.c.InitializeUserDetailsBeanManagerConfigurer$InitializeUserDetailsManagerConfigurer-Global AuthenticationManager configured with UserDetailsService bean with name inMemoryUserDetailsManager
2025-08-223 09:25 o.a.coyote.http11.Http11NioProtocol-Starting ProtocolHandler ["http-nio-8080"]
2025-08-223 09:25 o.s.b.w.e.tomcat.TomcatWebServer-Tomcat started on port 8080 (http) with context path '/'
2025-08-223 09:25 o.s.a.r.c.CachingConnectionFactory-Attempting to connect to: localhost:5672
2025-08-223 09:25 o.s.a.r.l.SimpleMessageListenerContainer-Broker not available; cannot force queue declarations during start: java.net.ConnectException: Connection refused
2025-08-223 09:25 o.s.a.r.c.CachingConnectionFactory-Attempting to connect to: localhost:5672
2025-08-223 09:25 o.s.a.r.l.SimpleMessageListenerContainer-Failed to check/redeclare auto-delete queue(s).
org.springframework.amqp.AmqpConnectException: java.net.ConnectException: Connection refused
	at org.springframework.amqp.rabbit.support.RabbitExceptionTranslator.convertRabbitAccessException(RabbitExceptionTranslator.java:61)
	at org.springframework.amqp.rabbit.connection.AbstractConnectionFactory.createBareConnection(AbstractConnectionFactory.java:632)
	at org.springframework.amqp.rabbit.connection.CachingConnectionFactory.createConnection(CachingConnectionFactory.java:726)
	at org.springframework.amqp.rabbit.connection.ConnectionFactoryUtils.createConnection(ConnectionFactoryUtils.java:257)
	at org.springframework.amqp.rabbit.core.RabbitTemplate.doExecute(RabbitTemplate.java:2262)
	at org.springframework.amqp.rabbit.core.RabbitTemplate.execute(RabbitTemplate.java:2235)
	at org.springframework.amqp.rabbit.core.RabbitTemplate.execute(RabbitTemplate.java:2215)
	at org.springframework.amqp.rabbit.core.RabbitAdmin.getQueueInfo(RabbitAdmin.java:467)
	at org.springframework.amqp.rabbit.core.RabbitAdmin.getQueueProperties(RabbitAdmin.java:451)
	at org.springframework.amqp.rabbit.listener.AbstractMessageListenerContainer.attemptDeclarations(AbstractMessageListenerContainer.java:1972)
	at org.springframework.amqp.rabbit.listener.AbstractMessageListenerContainer.redeclareElementsIfNecessary(AbstractMessageListenerContainer.java:1936)
	at org.springframework.amqp.rabbit.listener.SimpleMessageListenerContainer$AsyncMessageProcessingConsumer.initialize(SimpleMessageListenerContainer.java:1481)
	at org.springframework.amqp.rabbit.listener.SimpleMessageListenerContainer$AsyncMessageProcessingConsumer.run(SimpleMessageListenerContainer.java:1322)
	at java.base/java.lang.Thread.run(Thread.java:840)
Caused by: java.net.ConnectException: Connection refused
	at java.base/sun.nio.ch.Net.pollConnect(Native Method)
	at java.base/sun.nio.ch.Net.pollConnectNow(Net.java:672)
	at java.base/sun.nio.ch.NioSocketImpl.timedFinishConnect(NioSocketImpl.java:554)
	at java.base/sun.nio.ch.NioSocketImpl.connect(NioSocketImpl.java:602)
	at java.base/java.net.SocksSocketImpl.connect(SocksSocketImpl.java:327)
	at java.base/java.net.Socket.connect(Socket.java:633)
	at com.rabbitmq.client.impl.SocketFrameHandlerFactory.create(SocketFrameHandlerFactory.java:61)
	at com.rabbitmq.client.ConnectionFactory.newConnection(ConnectionFactory.java:1249)
	at com.rabbitmq.client.ConnectionFactory.newConnection(ConnectionFactory.java:1198)
	at com.rabbitmq.client.ConnectionFactory.newConnection(ConnectionFactory.java:1369)
	at org.springframework.amqp.rabbit.connection.AbstractConnectionFactory.connectHostPort(AbstractConnectionFactory.java:695)
	at org.springframework.amqp.rabbit.connection.AbstractConnectionFactory.connect(AbstractConnectionFactory.java:650)
	at org.springframework.amqp.rabbit.connection.AbstractConnectionFactory.createBareConnection(AbstractConnectionFactory.java:593)
	... 12 common frames omitted
2025-08-223 09:25 o.s.a.r.c.CachingConnectionFactory-Attempting to connect to: localhost:5672
2025-08-223 09:25 c.b.o.OrdersystemApplication-Started OrdersystemApplication in 3.135 seconds (process running for 3.478)
2025-08-223 09:25 o.s.a.r.l.SimpleMessageListenerContainer-Consumer raised exception, processing can restart if the connection factory supports it. Exception summary: org.springframework.amqp.AmqpConnectException: java.net.ConnectException: Connection refused
2025-08-223 09:25 o.s.a.r.l.SimpleMessageListenerContainer-Restarting Consumer@4970b93d: tags=[[]], channel=null, acknowledgeMode=AUTO local queue size=0
2025-08-223 09:25 o.s.a.r.c.CachingConnectionFactory-Attempting to connect to: localhost:5672
2025-08-223 09:25 o.s.a.r.l.SimpleMessageListenerContainer-Failed to check/redeclare auto-delete queue(s).
2025-08-223 09:25 o.s.a.r.c.CachingConnectionFactory-Attempting to connect to: localhost:5672
2025-08-223 09:25 o.s.a.r.l.SimpleMessageListenerContainer-Consumer raised exception, processing can restart if the connection factory supports it. Exception summary: org.springframework.amqp.AmqpConnectException: java.net.ConnectException: Connection refused
2025-08-223 09:25 o.s.a.r.l.SimpleMessageListenerContainer-Restarting Consumer@d92583b: tags=[[]], channel=null, acknowledgeMode=AUTO local queue size=0
2025-08-223 09:25 o.s.a.r.c.CachingConnectionFactory-Attempting to connect to: localhost:5672
2025-08-223 09:25 o.s.a.r.l.SimpleMessageListenerContainer-Failed to check/redeclare auto-delete queue(s).
2025-08-223 09:25 o.s.a.r.c.CachingConnectionFactory-Attempting to connect to: localhost:5672
2025-08-223 09:26 o.s.a.r.l.SimpleMessageListenerContainer-Consumer raised exception, processing can restart if the connection factory supports it. Exception summary: org.springframework.amqp.AmqpConnectException: java.net.ConnectException: Connection refused
2025-08-223 09:26 o.s.a.r.l.SimpleMessageListenerContainer-Restarting Consumer@6b7af14: tags=[[]], channel=null, acknowledgeMode=AUTO local queue size=0
2025-08-223 09:26 o.s.a.r.c.CachingConnectionFactory-Attempting to connect to: localhost:5672
2025-08-223 09:26 o.s.a.r.l.SimpleMessageListenerContainer-Failed to check/redeclare auto-delete queue(s).
2025-08-223 09:26 o.s.a.r.c.CachingConnectionFactory-Attempting to connect to: localhost:5672
2025-08-223 09:26 o.s.a.r.l.SimpleMessageListenerContainer-Consumer raised exception, processing can restart if the connection factory supports it. Exception summary: org.springframework.amqp.AmqpConnectException: java.net.ConnectException: Connection refused
2025-08-223 09:26 o.s.a.r.l.SimpleMessageListenerContainer-Restarting Consumer@2c7d7876: tags=[[]], channel=null, acknowledgeMode=AUTO local queue size=0
2025-08-223 09:26 o.s.a.r.c.CachingConnectionFactory-Attempting to connect to: localhost:5672
2025-08-223 09:26 o.s.a.r.l.SimpleMessageListenerContainer-Failed to check/redeclare auto-delete queue(s).
2025-08-223 09:26 o.s.a.r.c.CachingConnectionFactory-Attempting to connect to: localhost:5672
2025-08-223 09:26 o.s.a.r.l.SimpleMessageListenerContainer-Consumer raised exception, processing can restart if the connection factory supports it. Exception summary: org.springframework.amqp.AmqpConnectException: java.net.ConnectException: Connection refused
2025-08-223 09:26 o.s.a.r.l.SimpleMessageListenerContainer-Restarting Consumer@36aa287e: tags=[[]], channel=null, acknowledgeMode=AUTO local queue size=0
2025-08-223 09:26 o.s.a.r.c.CachingConnectionFactory-Attempting to connect to: localhost:5672
2025-08-223 09:26 o.s.a.r.l.SimpleMessageListenerContainer-Failed to check/redeclare auto-delete queue(s).
2025-08-223 09:26 o.s.a.r.c.CachingConnectionFactory-Attempting to connect to: localhost:5672
2025-08-223 09:26 o.s.a.r.l.SimpleMessageListenerContainer-Consumer raised exception, processing can restart if the connection factory supports it. Exception summary: org.springframework.amqp.AmqpConnectException: java.net.ConnectException: Connection refused
2025-08-223 09:26 o.s.a.r.l.SimpleMessageListenerContainer-Restarting Consumer@3b7519a7: tags=[[]], channel=null, acknowledgeMode=AUTO local queue size=0
2025-08-223 09:26 o.s.a.r.c.CachingConnectionFactory-Attempting to connect to: localhost:5672
2025-08-223 09:26 o.s.a.r.l.SimpleMessageListenerContainer-Failed to check/redeclare auto-delete queue(s).
2025-08-223 09:26 o.s.a.r.c.CachingConnectionFactory-Attempting to connect to: localhost:5672
2025-08-223 09:26 o.s.a.r.l.SimpleMessageListenerContainer-Consumer raised exception, processing can restart if the connection factory supports it. Exception summary: org.springframework.amqp.AmqpConnectException: java.net.ConnectException: Connection refused
2025-08-223 09:26 o.s.a.r.l.SimpleMessageListenerContainer-Restarting Consumer@87fa4e8: tags=[[]], channel=null, acknowledgeMode=AUTO local queue size=0
2025-08-223 09:26 o.s.a.r.c.CachingConnectionFactory-Attempting to connect to: localhost:5672
2025-08-223 09:26 o.s.a.r.l.SimpleMessageListenerContainer-Failed to check/redeclare auto-delete queue(s).
2025-08-223 09:26 o.s.a.r.c.CachingConnectionFactory-Attempting to connect to: localhost:5672
2025-08-223 09:26 o.s.a.r.l.SimpleMessageListenerContainer-Consumer raised exception, processing can restart if the connection factory supports it. Exception summary: org.springframework.amqp.AmqpConnectException: java.net.ConnectException: Connection refused
2025-08-223 09:26 o.s.a.r.l.SimpleMessageListenerContainer-Restarting Consumer@69b69f59: tags=[[]], channel=null, acknowledgeMode=AUTO local queue size=0
2025-08-223 09:26 o.s.a.r.c.CachingConnectionFactory-Attempting to connect to: localhost:5672
2025-08-223 09:26 o.s.a.r.l.SimpleMessageListenerContainer-Failed to check/redeclare auto-delete queue(s).
2025-08-223 09:26 o.s.a.r.c.CachingConnectionFactory-Attempting to connect to: localhost:5672
2025-08-223 09:26 o.s.a.r.l.SimpleMessageListenerContainer-Consumer raised exception, processing can restart if the connection factory supports it. Exception summary: org.springframework.amqp.AmqpConnectException: java.net.ConnectException: Connection refused
2025-08-223 09:26 o.s.a.r.l.SimpleMessageListenerContainer-Restarting Consumer@61b8e5b: tags=[[]], channel=null, acknowledgeMode=AUTO local queue size=0
2025-08-223 09:26 o.s.a.r.c.CachingConnectionFactory-Attempting to connect to: localhost:5672
2025-08-223 09:26 o.s.a.r.l.SimpleMessageListenerContainer-Failed to check/redeclare auto-delete queue(s).
2025-08-223 09:26 o.s.a.r.c.CachingConnectionFactory-Attempting to connect to: localhost:5672
2025-08-223 09:26 o.s.a.r.l.SimpleMessageListenerContainer-Consumer raised exception, processing can restart if the connection factory supports it. Exception summary: org.springframework.amqp.AmqpConnectException: java.net.ConnectException: Connection refused
2025-08-223 09:26 o.s.a.r.l.SimpleMessageListenerContainer-Restarting Consumer@64b0ba01: tags=[[]], channel=null, acknowledgeMode=AUTO local queue size=0
2025-08-223 09:26 o.s.a.r.c.CachingConnectionFactory-Attempting to connect to: localhost:5672
2025-08-223 09:26 o.s.a.r.c.CachingConnectionFactory-Created new connection: connectionFactory#70720b78:21/SimpleConnection@6b8ed4d2 [delegate=amqp://guest@127.0.0.1:5672/, localPort=60931]
2025-08-223 09:26 o.s.a.r.l.SimpleMessageListenerContainer-Waiting for workers to finish.
2025-08-223 09:26 o.s.a.r.l.SimpleMessageListenerContainer-Successfully waited for workers to finish.
2025-08-223 09:26 o.s.b.w.e.tomcat.GracefulShutdown-Commencing graceful shutdown. Waiting for active requests to complete
2025-08-223 09:26 o.s.b.w.e.tomcat.GracefulShutdown-Graceful shutdown complete
2025-08-223 09:26 o.s.o.j.LocalContainerEntityManagerFactoryBean-Closing JPA EntityManagerFactory for persistence unit 'default'
2025-08-223 09:26 com.zaxxer.hikari.HikariDataSource-HikariPool-1 - Shutdown initiated...
2025-08-223 09:26 com.zaxxer.hikari.HikariDataSource-HikariPool-1 - Shutdown completed.
2025-08-223 09:26 o.h.validator.internal.util.Version-HV000001: Hibernate Validator 8.0.2.Final
2025-08-223 09:26 c.b.o.OrdersystemApplication-Starting OrdersystemApplication using Java 17.0.15 with PID 17881 (/Users/eunsung/Documents/Hanwah_Beyond_16/Spring/ordersystem/build/classes/java/main started by eunsung in /Users/eunsung/Documents/Hanwah_Beyond_16/Spring/ordersystem)
2025-08-223 09:26 c.b.o.OrdersystemApplication-The following 1 profile is active: "prod"
2025-08-223 09:26 o.s.d.r.c.RepositoryConfigurationDelegate-Multiple Spring Data modules found, entering strict repository configuration mode
2025-08-223 09:26 o.s.d.r.c.RepositoryConfigurationDelegate-Bootstrapping Spring Data JPA repositories in DEFAULT mode.
2025-08-223 09:26 o.s.d.r.c.RepositoryConfigurationDelegate-Finished Spring Data repository scanning in 61 ms. Found 4 JPA repository interfaces.
2025-08-223 09:26 o.s.d.r.c.RepositoryConfigurationDelegate-Multiple Spring Data modules found, entering strict repository configuration mode
2025-08-223 09:26 o.s.d.r.c.RepositoryConfigurationDelegate-Bootstrapping Spring Data Redis repositories in DEFAULT mode.
2025-08-223 09:26 o.s.d.r.c.RepositoryConfigurationExtensionSupport-Spring Data Redis - Could not safely identify store assignment for repository candidate interface com.beyond.ordersystem.member.repository.MemberRepository; If you want this repository to be a Redis repository, consider annotating your entities with one of these annotations: org.springframework.data.redis.core.RedisHash (preferred), or consider extending one of the following types with your repository: org.springframework.data.keyvalue.repository.KeyValueRepository
2025-08-223 09:26 o.s.d.r.c.RepositoryConfigurationExtensionSupport-Spring Data Redis - Could not safely identify store assignment for repository candidate interface com.beyond.ordersystem.ordering.repository.OrderingDetailRepository; If you want this repository to be a Redis repository, consider annotating your entities with one of these annotations: org.springframework.data.redis.core.RedisHash (preferred), or consider extending one of the following types with your repository: org.springframework.data.keyvalue.repository.KeyValueRepository
2025-08-223 09:26 o.s.d.r.c.RepositoryConfigurationExtensionSupport-Spring Data Redis - Could not safely identify store assignment for repository candidate interface com.beyond.ordersystem.ordering.repository.OrderingRepository; If you want this repository to be a Redis repository, consider annotating your entities with one of these annotations: org.springframework.data.redis.core.RedisHash (preferred), or consider extending one of the following types with your repository: org.springframework.data.keyvalue.repository.KeyValueRepository
2025-08-223 09:26 o.s.d.r.c.RepositoryConfigurationExtensionSupport-Spring Data Redis - Could not safely identify store assignment for repository candidate interface com.beyond.ordersystem.product.repository.ProductRepository; If you want this repository to be a Redis repository, consider annotating your entities with one of these annotations: org.springframework.data.redis.core.RedisHash (preferred), or consider extending one of the following types with your repository: org.springframework.data.keyvalue.repository.KeyValueRepository
2025-08-223 09:26 o.s.d.r.c.RepositoryConfigurationDelegate-Finished Spring Data repository scanning in 3 ms. Found 0 Redis repository interfaces.
2025-08-223 09:26 o.s.b.w.e.tomcat.TomcatWebServer-Tomcat initialized with port 8080 (http)
2025-08-223 09:26 o.a.coyote.http11.Http11NioProtocol-Initializing ProtocolHandler ["http-nio-8080"]
2025-08-223 09:26 o.a.catalina.core.StandardService-Starting service [Tomcat]
2025-08-223 09:26 o.a.catalina.core.StandardEngine-Starting Servlet engine: [Apache Tomcat/10.1.43]
2025-08-223 09:26 o.a.c.c.C.[Tomcat].[localhost].[/]-Initializing Spring embedded WebApplicationContext
2025-08-223 09:26 o.s.b.w.s.c.ServletWebServerApplicationContext-Root WebApplicationContext: initialization completed in 705 ms
2025-08-223 09:26 o.h.jpa.internal.util.LogHelper-HHH000204: Processing PersistenceUnitInfo [name: default]
2025-08-223 09:26 org.hibernate.Version-HHH000412: Hibernate ORM core version 6.6.22.Final
2025-08-223 09:26 o.h.c.i.RegionFactoryInitiator-HHH000026: Second-level cache disabled
2025-08-223 09:26 o.s.o.j.p.SpringPersistenceUnitInfo-No LoadTimeWeaver setup: ignoring JPA class transformer
2025-08-223 09:26 com.zaxxer.hikari.HikariDataSource-HikariPool-1 - Starting...
2025-08-223 09:26 com.zaxxer.hikari.pool.HikariPool-HikariPool-1 - Added connection org.mariadb.jdbc.Connection@6879e983
2025-08-223 09:26 com.zaxxer.hikari.HikariDataSource-HikariPool-1 - Start completed.
2025-08-223 09:26 org.hibernate.orm.deprecation-HHH90000025: MariaDBDialect does not need to be specified explicitly using 'hibernate.dialect' (remove the property setting and it will be selected by default)
2025-08-223 09:26 o.hibernate.orm.connections.pooling-HHH10001005: Database info:
	Database JDBC URL [Connecting through datasource 'HikariDataSource (HikariPool-1)']
	Database driver: undefined/unknown
	Database version: 11.8.2
	Autocommit mode: undefined/unknown
	Isolation level: undefined/unknown
	Minimum pool size: undefined/unknown
	Maximum pool size: undefined/unknown
2025-08-223 09:26 o.h.e.t.j.p.i.JtaPlatformInitiator-HHH000489: No JTA platform available (set 'hibernate.transaction.jta.platform' to enable JTA platform integration)
2025-08-223 09:26 o.s.o.j.LocalContainerEntityManagerFactoryBean-Initialized JPA EntityManagerFactory for persistence unit 'default'
2025-08-223 09:26 o.s.b.a.o.j.JpaBaseConfiguration$JpaWebConfiguration-spring.jpa.open-in-view is enabled by default. Therefore, database queries may be performed during view rendering. Explicitly configure spring.jpa.open-in-view to disable this warning
2025-08-223 09:26 o.s.b.a.s.s.UserDetailsServiceAutoConfiguration-

Using generated security password: 075a7381-d032-4864-bc0a-2f965b566f1c

This generated password is for development use only. Your security configuration must be updated before running your application in production.

2025-08-223 09:26 o.s.s.c.a.a.c.InitializeUserDetailsBeanManagerConfigurer$InitializeUserDetailsManagerConfigurer-Global AuthenticationManager configured with UserDetailsService bean with name inMemoryUserDetailsManager
2025-08-223 09:26 o.a.coyote.http11.Http11NioProtocol-Starting ProtocolHandler ["http-nio-8080"]
2025-08-223 09:26 o.s.b.w.e.tomcat.TomcatWebServer-Tomcat started on port 8080 (http) with context path '/'
2025-08-223 09:26 o.s.a.r.c.CachingConnectionFactory-Attempting to connect to: localhost:5672
2025-08-223 09:26 o.s.a.r.c.CachingConnectionFactory-Created new connection: connectionFactory#381db99e:0/SimpleConnection@6fec6b75 [delegate=amqp://guest@127.0.0.1:5672/, localPort=60947]
2025-08-223 09:26 c.b.o.OrdersystemApplication-Started OrdersystemApplication in 3.227 seconds (process running for 3.449)
2025-08-223 09:29 o.a.c.c.C.[Tomcat].[localhost].[/]-Initializing Spring DispatcherServlet 'dispatcherServlet'
2025-08-223 09:29 o.s.web.servlet.DispatcherServlet-Initializing Servlet 'dispatcherServlet'
2025-08-223 09:29 o.s.web.servlet.DispatcherServlet-Completed initialization in 4 ms
2025-08-223 09:39 c.b.o.c.s.CommonExceptionHandler-비밀번호가 너무 짧습니다.
2025-08-223 09:53 com.zaxxer.hikari.pool.HikariPool-HikariPool-1 - Thread starvation or clock leap detected (housekeeper delta=1m53s63ms).
2025-08-223 09:55 com.zaxxer.hikari.pool.HikariPool-HikariPool-1 - Thread starvation or clock leap detected (housekeeper delta=2m21s875ms).
2025-08-223 10:09 c.b.o.c.s.CommonExceptionHandler-비밀번호가이 비어있습니다.
2025-08-223 10:09 c.b.o.c.s.CommonExceptionHandler-비밀번호가 너무 짧습니다.
2025-08-223 10:10 c.b.o.c.s.CommonExceptionHandler-비밀번호가 틀렸습니다.
2025-08-223 10:28 c.b.o.c.auth.JwtAutenticationHandler-eunsungErrorFull authentication is required to access this resource
2025-08-223 10:28 c.b.o.c.auth.JwtAutenticationHandler-eunsungErrorFull authentication is required to access this resource
2025-08-223 10:29 c.b.o.c.auth.JwtAutenticationHandler-eunsungErrorFull authentication is required to access this resource
2025-08-223 10:29 c.b.o.c.auth.JwtAutenticationHandler-eunsungErrorFull authentication is required to access this resource
2025-08-223 10:30 c.b.o.c.auth.JwtAutenticationHandler-eunsungErrorFull authentication is required to access this resource
2025-08-223 10:30 c.b.o.c.auth.JwtAutenticationHandler-eunsungErrorFull authentication is required to access this resource
2025-08-223 10:30 c.b.o.c.auth.JwtAutenticationHandler-eunsungErrorFull authentication is required to access this resource
2025-08-223 10:30 c.b.o.c.auth.JwtAutenticationHandler-eunsungErrorFull authentication is required to access this resource
2025-08-223 10:30 c.b.o.c.auth.JwtAutenticationHandler-eunsungErrorFull authentication is required to access this resource
2025-08-223 10:30 c.b.o.c.auth.JwtAutenticationHandler-eunsungErrorFull authentication is required to access this resource
2025-08-223 10:30 c.b.o.c.auth.JwtAutenticationHandler-eunsungErrorFull authentication is required to access this resource
2025-08-223 10:30 c.b.o.c.auth.JwtAutenticationHandler-eunsungErrorFull authentication is required to access this resource
2025-08-223 10:30 c.b.o.c.auth.JwtAutenticationHandler-eunsungErrorFull authentication is required to access this resource
2025-08-223 10:30 c.b.o.c.auth.JwtAutenticationHandler-eunsungErrorFull authentication is required to access this resource
2025-08-223 10:32 c.b.o.c.auth.JwtAutenticationHandler-eunsungErrorFull authentication is required to access this resource
2025-08-223 10:34 c.b.o.c.auth.JwtAutenticationHandler-eunsungErrorFull authentication is required to access this resource
2025-08-223 11:22 c.b.o.common.auth.JwtTokenFilter-JWT expired at 2025-08-08T00:28:07Z. Current time: 2025-08-11T02:22:51Z, a difference of 266084318 milliseconds.  Allowed clock skew: 0 milliseconds.
2025-08-223 11:22 c.b.o.c.auth.JwtAutenticationHandler-eunsungErrorFull authentication is required to access this resource
2025-08-223 11:23 o.s.a.r.l.SimpleMessageListenerContainer-Waiting for workers to finish.
2025-08-223 11:23 o.s.a.r.l.SimpleMessageListenerContainer-Successfully waited for workers to finish.
2025-08-223 11:23 o.s.b.w.e.tomcat.GracefulShutdown-Commencing graceful shutdown. Waiting for active requests to complete
2025-08-223 11:23 o.s.b.w.e.tomcat.GracefulShutdown-Graceful shutdown complete
2025-08-223 11:23 o.s.o.j.LocalContainerEntityManagerFactoryBean-Closing JPA EntityManagerFactory for persistence unit 'default'
2025-08-223 11:23 com.zaxxer.hikari.HikariDataSource-HikariPool-1 - Shutdown initiated...
2025-08-223 11:23 com.zaxxer.hikari.HikariDataSource-HikariPool-1 - Shutdown completed.
2025-08-223 11:23 o.h.validator.internal.util.Version-HV000001: Hibernate Validator 8.0.2.Final
2025-08-223 11:23 c.b.o.OrdersystemApplication-Starting OrdersystemApplication using Java 17.0.15 with PID 25097 (/Users/eunsung/Documents/Hanwah_Beyond_16/Spring/ordersystem/build/classes/java/main started by eunsung in /Users/eunsung/Documents/Hanwah_Beyond_16/Spring/ordersystem)
2025-08-223 11:23 c.b.o.OrdersystemApplication-The following 1 profile is active: "prod"
2025-08-223 11:23 o.s.d.r.c.RepositoryConfigurationDelegate-Multiple Spring Data modules found, entering strict repository configuration mode
2025-08-223 11:23 o.s.d.r.c.RepositoryConfigurationDelegate-Bootstrapping Spring Data JPA repositories in DEFAULT mode.
2025-08-223 11:23 o.s.d.r.c.RepositoryConfigurationDelegate-Finished Spring Data repository scanning in 65 ms. Found 4 JPA repository interfaces.
2025-08-223 11:23 o.s.d.r.c.RepositoryConfigurationDelegate-Multiple Spring Data modules found, entering strict repository configuration mode
2025-08-223 11:23 o.s.d.r.c.RepositoryConfigurationDelegate-Bootstrapping Spring Data Redis repositories in DEFAULT mode.
2025-08-223 11:23 o.s.d.r.c.RepositoryConfigurationExtensionSupport-Spring Data Redis - Could not safely identify store assignment for repository candidate interface com.beyond.ordersystem.member.repository.MemberRepository; If you want this repository to be a Redis repository, consider annotating your entities with one of these annotations: org.springframework.data.redis.core.RedisHash (preferred), or consider extending one of the following types with your repository: org.springframework.data.keyvalue.repository.KeyValueRepository
2025-08-223 11:23 o.s.d.r.c.RepositoryConfigurationExtensionSupport-Spring Data Redis - Could not safely identify store assignment for repository candidate interface com.beyond.ordersystem.ordering.repository.OrderingDetailRepository; If you want this repository to be a Redis repository, consider annotating your entities with one of these annotations: org.springframework.data.redis.core.RedisHash (preferred), or consider extending one of the following types with your repository: org.springframework.data.keyvalue.repository.KeyValueRepository
2025-08-223 11:23 o.s.d.r.c.RepositoryConfigurationExtensionSupport-Spring Data Redis - Could not safely identify store assignment for repository candidate interface com.beyond.ordersystem.ordering.repository.OrderingRepository; If you want this repository to be a Redis repository, consider annotating your entities with one of these annotations: org.springframework.data.redis.core.RedisHash (preferred), or consider extending one of the following types with your repository: org.springframework.data.keyvalue.repository.KeyValueRepository
2025-08-223 11:23 o.s.d.r.c.RepositoryConfigurationExtensionSupport-Spring Data Redis - Could not safely identify store assignment for repository candidate interface com.beyond.ordersystem.product.repository.ProductRepository; If you want this repository to be a Redis repository, consider annotating your entities with one of these annotations: org.springframework.data.redis.core.RedisHash (preferred), or consider extending one of the following types with your repository: org.springframework.data.keyvalue.repository.KeyValueRepository
2025-08-223 11:23 o.s.d.r.c.RepositoryConfigurationDelegate-Finished Spring Data repository scanning in 3 ms. Found 0 Redis repository interfaces.
2025-08-223 11:23 o.s.b.w.e.tomcat.TomcatWebServer-Tomcat initialized with port 8080 (http)
2025-08-223 11:23 o.a.coyote.http11.Http11NioProtocol-Initializing ProtocolHandler ["http-nio-8080"]
2025-08-223 11:23 o.a.catalina.core.StandardService-Starting service [Tomcat]
2025-08-223 11:23 o.a.catalina.core.StandardEngine-Starting Servlet engine: [Apache Tomcat/10.1.43]
2025-08-223 11:23 o.a.c.c.C.[Tomcat].[localhost].[/]-Initializing Spring embedded WebApplicationContext
2025-08-223 11:23 o.s.b.w.s.c.ServletWebServerApplicationContext-Root WebApplicationContext: initialization completed in 732 ms
2025-08-223 11:23 o.h.jpa.internal.util.LogHelper-HHH000204: Processing PersistenceUnitInfo [name: default]
2025-08-223 11:23 org.hibernate.Version-HHH000412: Hibernate ORM core version 6.6.22.Final
2025-08-223 11:23 o.h.c.i.RegionFactoryInitiator-HHH000026: Second-level cache disabled
2025-08-223 11:23 o.s.o.j.p.SpringPersistenceUnitInfo-No LoadTimeWeaver setup: ignoring JPA class transformer
2025-08-223 11:23 com.zaxxer.hikari.HikariDataSource-HikariPool-1 - Starting...
2025-08-223 11:23 com.zaxxer.hikari.pool.HikariPool-HikariPool-1 - Added connection org.mariadb.jdbc.Connection@45d38165
2025-08-223 11:23 com.zaxxer.hikari.HikariDataSource-HikariPool-1 - Start completed.
2025-08-223 11:23 org.hibernate.orm.deprecation-HHH90000025: MariaDBDialect does not need to be specified explicitly using 'hibernate.dialect' (remove the property setting and it will be selected by default)
2025-08-223 11:23 o.hibernate.orm.connections.pooling-HHH10001005: Database info:
	Database JDBC URL [Connecting through datasource 'HikariDataSource (HikariPool-1)']
	Database driver: undefined/unknown
	Database version: 11.8.2
	Autocommit mode: undefined/unknown
	Isolation level: undefined/unknown
	Minimum pool size: undefined/unknown
	Maximum pool size: undefined/unknown
2025-08-223 11:23 o.h.e.t.j.p.i.JtaPlatformInitiator-HHH000489: No JTA platform available (set 'hibernate.transaction.jta.platform' to enable JTA platform integration)
2025-08-223 11:23 o.s.o.j.LocalContainerEntityManagerFactoryBean-Initialized JPA EntityManagerFactory for persistence unit 'default'
2025-08-223 11:23 o.s.b.a.o.j.JpaBaseConfiguration$JpaWebConfiguration-spring.jpa.open-in-view is enabled by default. Therefore, database queries may be performed during view rendering. Explicitly configure spring.jpa.open-in-view to disable this warning
2025-08-223 11:23 o.s.b.a.s.s.UserDetailsServiceAutoConfiguration-

Using generated security password: 3728c294-fe85-4364-a170-6d5137a374bc

This generated password is for development use only. Your security configuration must be updated before running your application in production.

2025-08-223 11:23 o.s.s.c.a.a.c.InitializeUserDetailsBeanManagerConfigurer$InitializeUserDetailsManagerConfigurer-Global AuthenticationManager configured with UserDetailsService bean with name inMemoryUserDetailsManager
2025-08-223 11:23 o.a.coyote.http11.Http11NioProtocol-Starting ProtocolHandler ["http-nio-8080"]
2025-08-223 11:23 o.s.b.w.e.tomcat.TomcatWebServer-Tomcat started on port 8080 (http) with context path '/'
2025-08-223 11:23 o.s.a.r.c.CachingConnectionFactory-Attempting to connect to: localhost:5672
2025-08-223 11:23 o.s.a.r.c.CachingConnectionFactory-Created new connection: connectionFactory#4163f505:0/SimpleConnection@4fb5adb8 [delegate=amqp://guest@127.0.0.1:5672/, localPort=61617]
2025-08-223 11:23 c.b.o.OrdersystemApplication-Started OrdersystemApplication in 3.196 seconds (process running for 3.479)
2025-08-223 11:23 o.a.c.c.C.[Tomcat].[localhost].[/]-Initializing Spring DispatcherServlet 'dispatcherServlet'
2025-08-223 11:23 o.s.web.servlet.DispatcherServlet-Initializing Servlet 'dispatcherServlet'
2025-08-223 11:23 o.s.web.servlet.DispatcherServlet-Completed initialization in 1 ms
2025-08-223 11:32 c.b.o.common.auth.JwtTokenFilter-JWT strings must contain exactly 2 period characters. Found: 0
2025-08-223 11:32 c.b.o.c.auth.JwtAutenticationHandler-eunsungErrorFull authentication is required to access this resource
